<?xml version="1.0" encoding="UTF-8"?>
<!-- Generated by org.testng.reporters.JUnitReportReporter -->
<testsuite hostname="fabrizio-P65" failures="0" tests="7" name="cs2901.lab7.MineSweeperTest" time="0.061" errors="0" timestamp="2020-10-01T09:59:49 PET" skipped="0">
  <testcase classname="cs2901.lab7.MineSweeperTest" name="testCase1" time="0.002"/>
  <system-out/>
  <testcase classname="cs2901.lab7.MineSweeperTest" name="testCase3" time="0.001"/>
  <system-out/>
  <testcase classname="cs2901.lab7.MineSweeperTest" name="testCase4" time="0.001"/>
  <system-out/>
  <testcase classname="cs2901.lab7.MineSweeperTest" name="testCase2" time="0.031"/>
  <system-out/>
  <testcase classname="cs2901.lab7.MineSweeperTest" name="testCase5" time="0.000"/>
  <system-out/>
  <testcase classname="cs2901.lab7.MineSweeperTest" name="testCase0" time="0.025"/>
  <system-out/>
  <testcase classname="cs2901.lab7.MineSweeperTest" name="testCase6" time="0.001"/>
  <system-out/>
</testsuite> <!-- cs2901.lab7.MineSweeperTest -->
